# JRE version: Java(TM) SE Runtime Environment (8.0_181-b13) (build 1.8.0_181-b13)
# Java VM: Java HotSpot(TM) 64-Bit Server VM (25.181-b13 mixed mode windows-amd64 compressed oops)
Heap:
 PSYoungGen      total 37888K, used 17855K [0x00000000d6900000, 0x00000000d9300000, 0x0000000100000000)
  eden space 32768K, 54% used [0x00000000d6900000,0x00000000d7a6fd00,0x00000000d8900000)
  from space 5120K, 0% used [0x00000000d8e00000,0x00000000d8e00000,0x00000000d9300000)
  to   space 5120K, 0% used [0x00000000d8900000,0x00000000d8900000,0x00000000d8e00000)
 ParOldGen       total 68608K, used 18941K [0x0000000083a00000, 0x0000000087d00000, 0x00000000d6900000)
  object space 68608K, 27% used [0x0000000083a00000,0x0000000084c7f518,0x0000000087d00000)
 Metaspace       used 22549K, capacity 23812K, committed 24064K, reserved 1071104K
  class space    used 3009K, capacity 3276K, committed 3328K, reserved 1048576K
GC Heap History (10 events):
Event: 3.834 GC heap before
{Heap before GC invocations=1 (full 0):
 PSYoungGen      total 37888K, used 32768K [0x00000000d6900000, 0x00000000d9300000, 0x0000000100000000)
  eden space 32768K, 100% used [0x00000000d6900000,0x00000000d8900000,0x00000000d8900000)
  from space 5120K, 0% used [0x00000000d8e00000,0x00000000d8e00000,0x00000000d9300000)
  to   space 5120K, 0% used [0x00000000d8900000,0x00000000d8900000,0x00000000d8e00000)
 ParOldGen       total 86016K, used 0K [0x0000000083a00000, 0x0000000088e00000, 0x00000000d6900000)
  object space 86016K, 0% used [0x0000000083a00000,0x0000000083a00000,0x0000000088e00000)
 Metaspace       used 15381K, capacity 15968K, committed 16000K, reserved 1062912K
  class space    used 2247K, capacity 2414K, committed 2432K, reserved 1048576K
Event: 3.838 GC heap after
Heap after GC invocations=1 (full 0):
 PSYoungGen      total 37888K, used 5104K [0x00000000d6900000, 0x00000000d9300000, 0x0000000100000000)
  eden space 32768K, 0% used [0x00000000d6900000,0x00000000d6900000,0x00000000d8900000)
  from space 5120K, 99% used [0x00000000d8900000,0x00000000d8dfc080,0x00000000d8e00000)
  to   space 5120K, 0% used [0x00000000d8e00000,0x00000000d8e00000,0x00000000d9300000)
 ParOldGen       total 86016K, used 671K [0x0000000083a00000, 0x0000000088e00000, 0x00000000d6900000)
  object space 86016K, 0% used [0x0000000083a00000,0x0000000083aa7e00,0x0000000088e00000)
 Metaspace       used 15381K, capacity 15968K, committed 16000K, reserved 1062912K
  class space    used 2247K, capacity 2414K, committed 2432K, reserved 1048576K
}
Event: 11.479 GC heap before
{Heap before GC invocations=2 (full 0):
 PSYoungGen      total 37888K, used 30215K [0x00000000d6900000, 0x00000000d9300000, 0x0000000100000000)
  eden space 32768K, 76% used [0x00000000d6900000,0x00000000d8185d10,0x00000000d8900000)
  from space 5120K, 99% used [0x00000000d8900000,0x00000000d8dfc080,0x00000000d8e00000)
  to   space 5120K, 0% used [0x00000000d8e00000,0x00000000d8e00000,0x00000000d9300000)
 ParOldGen       total 86016K, used 671K [0x0000000083a00000, 0x0000000088e00000, 0x00000000d6900000)
  object space 86016K, 0% used [0x0000000083a00000,0x0000000083aa7e00,0x0000000088e00000)
 Metaspace       used 19565K, capacity 20324K, committed 20608K, reserved 1067008K
  class space    used 2646K, capacity 2831K, committed 2944K, reserved 1048576K
Event: 11.489 GC heap after
Heap after GC invocations=2 (full 0):
 PSYoungGen      total 37888K, used 5099K [0x00000000d6900000, 0x00000000d9300000, 0x0000000100000000)
  eden space 32768K, 0% used [0x00000000d6900000,0x00000000d6900000,0x00000000d8900000)
  from space 5120K, 99% used [0x00000000d8e00000,0x00000000d92fad00,0x00000000d9300000)
  to   space 5120K, 0% used [0x00000000d8900000,0x00000000d8900000,0x00000000d8e00000)
 ParOldGen       total 86016K, used 16029K [0x0000000083a00000, 0x0000000088e00000, 0x00000000d6900000)
  object space 86016K, 18% used [0x0000000083a00000,0x00000000849a7540,0x0000000088e00000)
 Metaspace       used 19565K, capacity 20324K, committed 20608K, reserved 1067008K
  class space    used 2646K, capacity 2831K, committed 2944K, reserved 1048576K
}
Event: 35.428 GC heap before
{Heap before GC invocations=3 (full 0):
 PSYoungGen      total 37888K, used 37867K [0x00000000d6900000, 0x00000000d9300000, 0x0000000100000000)
  eden space 32768K, 100% used [0x00000000d6900000,0x00000000d8900000,0x00000000d8900000)
  from space 5120K, 99% used [0x00000000d8e00000,0x00000000d92fad00,0x00000000d9300000)
  to   space 5120K, 0% used [0x00000000d8900000,0x00000000d8900000,0x00000000d8e00000)
 ParOldGen       total 86016K, used 16029K [0x0000000083a00000, 0x0000000088e00000, 0x00000000d6900000)
  object space 86016K, 18% used [0x0000000083a00000,0x00000000849a7540,0x0000000088e00000)
 Metaspace       used 20240K, capacity 21052K, committed 21296K, reserved 1067008K
  class space    used 2660K, capacity 2855K, committed 2944K, reserved 1048576K
Event: 35.435 GC heap after
Heap after GC invocations=3 (full 0):
 PSYoungGen      total 37888K, used 5099K [0x00000000d6900000, 0x00000000d9300000, 0x0000000100000000)
  eden space 32768K, 0% used [0x00000000d6900000,0x00000000d6900000,0x00000000d8900000)
  from space 5120K, 99% used [0x00000000d8900000,0x00000000d8dfacd0,0x00000000d8e00000)
  to   space 5120K, 0% used [0x00000000d8e00000,0x00000000d8e00000,0x00000000d9300000)
 ParOldGen       total 86016K, used 24903K [0x0000000083a00000, 0x0000000088e00000, 0x00000000d6900000)
  object space 86016K, 28% used [0x0000000083a00000,0x0000000085251f98,0x0000000088e00000)
 Metaspace       used 20240K, capacity 21052K, committed 21296K, reserved 1067008K
  class space    used 2660K, capacity 2855K, committed 2944K, reserved 1048576K
}
Event: 42.107 GC heap before
{Heap before GC invocations=4 (full 0):
 PSYoungGen      total 37888K, used 7191K [0x00000000d6900000, 0x00000000d9300000, 0x0000000100000000)
  eden space 32768K, 6% used [0x00000000d6900000,0x00000000d6b0b0f8,0x00000000d8900000)
  from space 5120K, 99% used [0x00000000d8900000,0x00000000d8dfacd0,0x00000000d8e00000)
  to   space 5120K, 0% used [0x00000000d8e00000,0x00000000d8e00000,0x00000000d9300000)
 ParOldGen       total 86016K, used 24903K [0x0000000083a00000, 0x0000000088e00000, 0x00000000d6900000)
  object space 86016K, 28% used [0x0000000083a00000,0x0000000085251f98,0x0000000088e00000)
 Metaspace       used 20322K, capacity 21184K, committed 21296K, reserved 1067008K
  class space    used 2660K, capacity 2855K, committed 2944K, reserved 1048576K
Event: 42.114 GC heap after
Heap after GC invocations=4 (full 0):
 PSYoungGen      total 37888K, used 5021K [0x00000000d6900000, 0x00000000d9300000, 0x0000000100000000)
  eden space 32768K, 0% used [0x00000000d6900000,0x00000000d6900000,0x00000000d8900000)
  from space 5120K, 98% used [0x00000000d8e00000,0x00000000d92e7438,0x00000000d9300000)
  to   space 5120K, 0% used [0x00000000d8900000,0x00000000d8900000,0x00000000d8e00000)
 ParOldGen       total 86016K, used 24911K [0x0000000083a00000, 0x0000000088e00000, 0x00000000d6900000)
  object space 86016K, 28% used [0x0000000083a00000,0x0000000085253f98,0x0000000088e00000)
 Metaspace       used 20322K, capacity 21184K, committed 21296K, reserved 1067008K
  class space    used 2660K, capacity 2855K, committed 2944K, reserved 1048576K
}
Event: 42.114 GC heap before
{Heap before GC invocations=5 (full 1):
 PSYoungGen      total 37888K, used 5021K [0x00000000d6900000, 0x00000000d9300000, 0x0000000100000000)
  eden space 32768K, 0% used [0x00000000d6900000,0x00000000d6900000,0x00000000d8900000)
  from space 5120K, 98% used [0x00000000d8e00000,0x00000000d92e7438,0x00000000d9300000)
  to   space 5120K, 0% used [0x00000000d8900000,0x00000000d8900000,0x00000000d8e00000)
 ParOldGen       total 86016K, used 24911K [0x0000000083a00000, 0x0000000088e00000, 0x00000000d6900000)
  object space 86016K, 28% used [0x0000000083a00000,0x0000000085253f98,0x0000000088e00000)
 Metaspace       used 20322K, capacity 21184K, committed 21296K, reserved 1067008K
  class space    used 2660K, capacity 2855K, committed 2944K, reserved 1048576K
Event: 42.136 GC heap after
Heap after GC invocations=5 (full 1):
 PSYoungGen      total 37888K, used 0K [0x00000000d6900000, 0x00000000d9300000, 0x0000000100000000)
  eden space 32768K, 0% used [0x00000000d6900000,0x00000000d6900000,0x00000000d8900000)
  from space 5120K, 0% used [0x00000000d8e00000,0x00000000d8e00000,0x00000000d9300000)
  to   space 5120K, 0% used [0x00000000d8900000,0x00000000d8900000,0x00000000d8e00000)
 ParOldGen       total 68608K, used 18941K [0x0000000083a00000, 0x0000000087d00000, 0x00000000d6900000)
  object space 68608K, 27% used [0x0000000083a00000,0x0000000084c7f518,0x0000000087d00000)
 Metaspace       used 20322K, capacity 21184K, committed 21296K, reserved 1067008K
  class space    used 2660K, capacity 2855K, committed 2944K, reserved 1048576K
}

