# JRE version: Java(TM) SE Runtime Environment (8.0_181-b13) (build 1.8.0_181-b13)
# Java VM: Java HotSpot(TM) 64-Bit Server VM (25.181-b13 mixed mode windows-amd64 compressed oops)
Heap:
 PSYoungGen      total 37376K, used 23998K [0x00000000d6900000, 0x00000000dae80000, 0x0000000100000000)
  eden space 32256K, 58% used [0x00000000d6900000,0x00000000d7b73940,0x00000000d8880000)
  from space 5120K, 99% used [0x00000000d8900000,0x00000000d8dfc020,0x00000000d8e00000)
  to   space 19456K, 0% used [0x00000000d9b80000,0x00000000d9b80000,0x00000000dae80000)
 ParOldGen       total 67584K, used 28656K [0x0000000083a00000, 0x0000000087c00000, 0x00000000d6900000)
  object space 67584K, 42% used [0x0000000083a00000,0x00000000855fc220,0x0000000087c00000)
 Metaspace       used 23522K, capacity 25042K, committed 25216K, reserved 1071104K
  class space    used 3120K, capacity 3424K, committed 3456K, reserved 1048576K
GC Heap History (10 events):
Event: 12.020 GC heap before
{Heap before GC invocations=2 (full 0):
 PSYoungGen      total 37888K, used 30325K [0x00000000d6900000, 0x00000000d9300000, 0x0000000100000000)
  eden space 32768K, 76% used [0x00000000d6900000,0x00000000d81a1768,0x00000000d8900000)
  from space 5120K, 99% used [0x00000000d8900000,0x00000000d8dfc060,0x00000000d8e00000)
  to   space 5120K, 0% used [0x00000000d8e00000,0x00000000d8e00000,0x00000000d9300000)
 ParOldGen       total 86016K, used 623K [0x0000000083a00000, 0x0000000088e00000, 0x00000000d6900000)
  object space 86016K, 0% used [0x0000000083a00000,0x0000000083a9bdc0,0x0000000088e00000)
 Metaspace       used 19510K, capacity 20262K, committed 20608K, reserved 1067008K
  class space    used 2645K, capacity 2830K, committed 2944K, reserved 1048576K
Event: 12.029 GC heap after
Heap after GC invocations=2 (full 0):
 PSYoungGen      total 37888K, used 5115K [0x00000000d6900000, 0x00000000d9300000, 0x0000000100000000)
  eden space 32768K, 0% used [0x00000000d6900000,0x00000000d6900000,0x00000000d8900000)
  from space 5120K, 99% used [0x00000000d8e00000,0x00000000d92fece0,0x00000000d9300000)
  to   space 5120K, 0% used [0x00000000d8900000,0x00000000d8900000,0x00000000d8e00000)
 ParOldGen       total 86016K, used 15949K [0x0000000083a00000, 0x0000000088e00000, 0x00000000d6900000)
  object space 86016K, 18% used [0x0000000083a00000,0x0000000084993730,0x0000000088e00000)
 Metaspace       used 19510K, capacity 20262K, committed 20608K, reserved 1067008K
  class space    used 2645K, capacity 2830K, committed 2944K, reserved 1048576K
}
Event: 16.077 GC heap before
{Heap before GC invocations=3 (full 0):
 PSYoungGen      total 37888K, used 17579K [0x00000000d6900000, 0x00000000d9300000, 0x0000000100000000)
  eden space 32768K, 38% used [0x00000000d6900000,0x00000000d752c200,0x00000000d8900000)
  from space 5120K, 99% used [0x00000000d8e00000,0x00000000d92fece0,0x00000000d9300000)
  to   space 5120K, 0% used [0x00000000d8900000,0x00000000d8900000,0x00000000d8e00000)
 ParOldGen       total 86016K, used 15949K [0x0000000083a00000, 0x0000000088e00000, 0x00000000d6900000)
  object space 86016K, 18% used [0x0000000083a00000,0x0000000084993730,0x0000000088e00000)
 Metaspace       used 20279K, capacity 21148K, committed 21296K, reserved 1067008K
  class space    used 2750K, capacity 2928K, committed 2944K, reserved 1048576K
Event: 16.084 GC heap after
Heap after GC invocations=3 (full 0):
 PSYoungGen      total 37888K, used 5098K [0x00000000d6900000, 0x00000000d9300000, 0x0000000100000000)
  eden space 32768K, 0% used [0x00000000d6900000,0x00000000d6900000,0x00000000d8900000)
  from space 5120K, 99% used [0x00000000d8900000,0x00000000d8dfaa78,0x00000000d8e00000)
  to   space 5120K, 0% used [0x00000000d8e00000,0x00000000d8e00000,0x00000000d9300000)
 ParOldGen       total 86016K, used 24316K [0x0000000083a00000, 0x0000000088e00000, 0x00000000d6900000)
  object space 86016K, 28% used [0x0000000083a00000,0x00000000851bf168,0x0000000088e00000)
 Metaspace       used 20279K, capacity 21148K, committed 21296K, reserved 1067008K
  class space    used 2750K, capacity 2928K, committed 2944K, reserved 1048576K
}
Event: 16.084 GC heap before
{Heap before GC invocations=4 (full 1):
 PSYoungGen      total 37888K, used 5098K [0x00000000d6900000, 0x00000000d9300000, 0x0000000100000000)
  eden space 32768K, 0% used [0x00000000d6900000,0x00000000d6900000,0x00000000d8900000)
  from space 5120K, 99% used [0x00000000d8900000,0x00000000d8dfaa78,0x00000000d8e00000)
  to   space 5120K, 0% used [0x00000000d8e00000,0x00000000d8e00000,0x00000000d9300000)
 ParOldGen       total 86016K, used 24316K [0x0000000083a00000, 0x0000000088e00000, 0x00000000d6900000)
  object space 86016K, 28% used [0x0000000083a00000,0x00000000851bf168,0x0000000088e00000)
 Metaspace       used 20279K, capacity 21148K, committed 21296K, reserved 1067008K
  class space    used 2750K, capacity 2928K, committed 2944K, reserved 1048576K
Event: 16.106 GC heap after
Heap after GC invocations=4 (full 1):
 PSYoungGen      total 37888K, used 0K [0x00000000d6900000, 0x00000000d9300000, 0x0000000100000000)
  eden space 32768K, 0% used [0x00000000d6900000,0x00000000d6900000,0x00000000d8900000)
  from space 5120K, 0% used [0x00000000d8900000,0x00000000d8900000,0x00000000d8e00000)
  to   space 5120K, 0% used [0x00000000d8e00000,0x00000000d8e00000,0x00000000d9300000)
 ParOldGen       total 67584K, used 18995K [0x0000000083a00000, 0x0000000087c00000, 0x00000000d6900000)
  object space 67584K, 28% used [0x0000000083a00000,0x0000000084c8cc90,0x0000000087c00000)
 Metaspace       used 20279K, capacity 21148K, committed 21296K, reserved 1067008K
  class space    used 2750K, capacity 2928K, committed 2944K, reserved 1048576K
}
Event: 77.313 GC heap before
{Heap before GC invocations=5 (full 1):
 PSYoungGen      total 37888K, used 32768K [0x00000000d6900000, 0x00000000d9300000, 0x0000000100000000)
  eden space 32768K, 100% used [0x00000000d6900000,0x00000000d8900000,0x00000000d8900000)
  from space 5120K, 0% used [0x00000000d8900000,0x00000000d8900000,0x00000000d8e00000)
  to   space 5120K, 0% used [0x00000000d8e00000,0x00000000d8e00000,0x00000000d9300000)
 ParOldGen       total 67584K, used 18995K [0x0000000083a00000, 0x0000000087c00000, 0x00000000d6900000)
  object space 67584K, 28% used [0x0000000083a00000,0x0000000084c8cc90,0x0000000087c00000)
 Metaspace       used 22516K, capacity 23818K, committed 24064K, reserved 1071104K
  class space    used 3008K, capacity 3268K, committed 3328K, reserved 1048576K
Event: 77.321 GC heap after
Heap after GC invocations=5 (full 1):
 PSYoungGen      total 37888K, used 5088K [0x00000000d6900000, 0x00000000d9300000, 0x0000000100000000)
  eden space 32768K, 0% used [0x00000000d6900000,0x00000000d6900000,0x00000000d8900000)
  from space 5120K, 99% used [0x00000000d8e00000,0x00000000d92f8090,0x00000000d9300000)
  to   space 5120K, 0% used [0x00000000d8900000,0x00000000d8900000,0x00000000d8e00000)
 ParOldGen       total 67584K, used 23040K [0x0000000083a00000, 0x0000000087c00000, 0x00000000d6900000)
  object space 67584K, 34% used [0x0000000083a00000,0x0000000085080100,0x0000000087c00000)
 Metaspace       used 22516K, capacity 23818K, committed 24064K, reserved 1071104K
  class space    used 3008K, capacity 3268K, committed 3328K, reserved 1048576K
}
Event: 87.624 GC heap before
{Heap before GC invocations=6 (full 1):
 PSYoungGen      total 37888K, used 34729K [0x00000000d6900000, 0x00000000d9300000, 0x0000000100000000)
  eden space 32768K, 90% used [0x00000000d6900000,0x00000000d85f2548,0x00000000d8900000)
  from space 5120K, 99% used [0x00000000d8e00000,0x00000000d92f8090,0x00000000d9300000)
  to   space 5120K, 0% used [0x00000000d8900000,0x00000000d8900000,0x00000000d8e00000)
 ParOldGen       total 67584K, used 23040K [0x0000000083a00000, 0x0000000087c00000, 0x00000000d6900000)
  object space 67584K, 34% used [0x0000000083a00000,0x0000000085080100,0x0000000087c00000)
 Metaspace       used 23386K, capacity 24878K, committed 24960K, reserved 1071104K
  class space    used 3116K, capacity 3418K, committed 3456K, reserved 1048576K
Event: 87.631 GC heap after
Heap after GC invocations=6 (full 1):
 PSYoungGen      total 37376K, used 5104K [0x00000000d6900000, 0x00000000dae80000, 0x0000000100000000)
  eden space 32256K, 0% used [0x00000000d6900000,0x00000000d6900000,0x00000000d8880000)
  from space 5120K, 99% used [0x00000000d8900000,0x00000000d8dfc020,0x00000000d8e00000)
  to   space 19456K, 0% used [0x00000000d9b80000,0x00000000d9b80000,0x00000000dae80000)
 ParOldGen       total 67584K, used 28656K [0x0000000083a00000, 0x0000000087c00000, 0x00000000d6900000)
  object space 67584K, 42% used [0x0000000083a00000,0x00000000855fc220,0x0000000087c00000)
 Metaspace       used 23386K, capacity 24878K, committed 24960K, reserved 1071104K
  class space    used 3116K, capacity 3418K, committed 3456K, reserved 1048576K
}

