# JRE version: Java(TM) SE Runtime Environment (8.0_181-b13) (build 1.8.0_181-b13)
# Java VM: Java HotSpot(TM) 64-Bit Server VM (25.181-b13 mixed mode windows-amd64 compressed oops)
Heap:
 PSYoungGen      total 18432K, used 6179K [0x00000000ebe00000, 0x00000000edf80000, 0x0000000100000000)
  eden space 15872K, 22% used [0x00000000ebe00000,0x00000000ec189d40,0x00000000ecd80000)
  from space 2560K, 99% used [0x00000000ecd80000,0x00000000ecfff0d0,0x00000000ed000000)
  to   space 9216K, 0% used [0x00000000ed680000,0x00000000ed680000,0x00000000edf80000)
 ParOldGen       total 34816K, used 13894K [0x00000000c3a00000, 0x00000000c5c00000, 0x00000000ebe00000)
  object space 34816K, 39% used [0x00000000c3a00000,0x00000000c4791aa8,0x00000000c5c00000)
 Metaspace       used 27476K, capacity 28984K, committed 29184K, reserved 1075200K
  class space    used 3739K, capacity 3993K, committed 4096K, reserved 1048576K
GC Heap History (10 events):
Event: 2.496 GC heap before
{Heap before GC invocations=2 (full 0):
 PSYoungGen      total 18432K, used 18400K [0x00000000ebe00000, 0x00000000ed280000, 0x0000000100000000)
  eden space 15872K, 100% used [0x00000000ebe00000,0x00000000ecd80000,0x00000000ecd80000)
  from space 2560K, 98% used [0x00000000ecd80000,0x00000000ecff8040,0x00000000ed000000)
  to   space 2560K, 0% used [0x00000000ed000000,0x00000000ed000000,0x00000000ed280000)
 ParOldGen       total 42496K, used 616K [0x00000000c3a00000, 0x00000000c6380000, 0x00000000ebe00000)
  object space 42496K, 1% used [0x00000000c3a00000,0x00000000c3a9a010,0x00000000c6380000)
 Metaspace       used 15685K, capacity 16446K, committed 16640K, reserved 1062912K
  class space    used 2342K, capacity 2483K, committed 2560K, reserved 1048576K
Event: 2.511 GC heap after
Heap after GC invocations=2 (full 0):
 PSYoungGen      total 18432K, used 2543K [0x00000000ebe00000, 0x00000000ed280000, 0x0000000100000000)
  eden space 15872K, 0% used [0x00000000ebe00000,0x00000000ebe00000,0x00000000ecd80000)
  from space 2560K, 99% used [0x00000000ed000000,0x00000000ed27bc40,0x00000000ed280000)
  to   space 2560K, 0% used [0x00000000ecd80000,0x00000000ecd80000,0x00000000ed000000)
 ParOldGen       total 42496K, used 2384K [0x00000000c3a00000, 0x00000000c6380000, 0x00000000ebe00000)
  object space 42496K, 5% used [0x00000000c3a00000,0x00000000c3c54040,0x00000000c6380000)
 Metaspace       used 15685K, capacity 16446K, committed 16640K, reserved 1062912K
  class space    used 2342K, capacity 2483K, committed 2560K, reserved 1048576K
}
Event: 22.167 GC heap before
{Heap before GC invocations=3 (full 0):
 PSYoungGen      total 18432K, used 18415K [0x00000000ebe00000, 0x00000000ed280000, 0x0000000100000000)
  eden space 15872K, 100% used [0x00000000ebe00000,0x00000000ecd80000,0x00000000ecd80000)
  from space 2560K, 99% used [0x00000000ed000000,0x00000000ed27bc40,0x00000000ed280000)
  to   space 2560K, 0% used [0x00000000ecd80000,0x00000000ecd80000,0x00000000ed000000)
 ParOldGen       total 42496K, used 2384K [0x00000000c3a00000, 0x00000000c6380000, 0x00000000ebe00000)
  object space 42496K, 5% used [0x00000000c3a00000,0x00000000c3c54040,0x00000000c6380000)
 Metaspace       used 19128K, capacity 20360K, committed 20480K, reserved 1067008K
  class space    used 2781K, capacity 3018K, committed 3072K, reserved 1048576K
Event: 22.174 GC heap after
Heap after GC invocations=3 (full 0):
 PSYoungGen      total 18432K, used 2544K [0x00000000ebe00000, 0x00000000ed280000, 0x0000000100000000)
  eden space 15872K, 0% used [0x00000000ebe00000,0x00000000ebe00000,0x00000000ecd80000)
  from space 2560K, 99% used [0x00000000ecd80000,0x00000000ecffc040,0x00000000ed000000)
  to   space 2560K, 0% used [0x00000000ed000000,0x00000000ed000000,0x00000000ed280000)
 ParOldGen       total 42496K, used 9812K [0x00000000c3a00000, 0x00000000c6380000, 0x00000000ebe00000)
  object space 42496K, 23% used [0x00000000c3a00000,0x00000000c4395310,0x00000000c6380000)
 Metaspace       used 19128K, capacity 20360K, committed 20480K, reserved 1067008K
  class space    used 2781K, capacity 3018K, committed 3072K, reserved 1048576K
}
Event: 34.004 GC heap before
{Heap before GC invocations=4 (full 0):
 PSYoungGen      total 18432K, used 12931K [0x00000000ebe00000, 0x00000000ed280000, 0x0000000100000000)
  eden space 15872K, 65% used [0x00000000ebe00000,0x00000000ec824bd0,0x00000000ecd80000)
  from space 2560K, 99% used [0x00000000ecd80000,0x00000000ecffc040,0x00000000ed000000)
  to   space 2560K, 0% used [0x00000000ed000000,0x00000000ed000000,0x00000000ed280000)
 ParOldGen       total 42496K, used 9812K [0x00000000c3a00000, 0x00000000c6380000, 0x00000000ebe00000)
  object space 42496K, 23% used [0x00000000c3a00000,0x00000000c4395310,0x00000000c6380000)
 Metaspace       used 19965K, capacity 21244K, committed 21248K, reserved 1067008K
  class space    used 2828K, capacity 3070K, committed 3072K, reserved 1048576K
Event: 34.010 GC heap after
Heap after GC invocations=4 (full 0):
 PSYoungGen      total 18432K, used 2528K [0x00000000ebe00000, 0x00000000ed280000, 0x0000000100000000)
  eden space 15872K, 0% used [0x00000000ebe00000,0x00000000ebe00000,0x00000000ecd80000)
  from space 2560K, 98% used [0x00000000ed000000,0x00000000ed278020,0x00000000ed280000)
  to   space 2560K, 0% used [0x00000000ecd80000,0x00000000ecd80000,0x00000000ed000000)
 ParOldGen       total 42496K, used 11292K [0x00000000c3a00000, 0x00000000c6380000, 0x00000000ebe00000)
  object space 42496K, 26% used [0x00000000c3a00000,0x00000000c4507320,0x00000000c6380000)
 Metaspace       used 19965K, capacity 21244K, committed 21248K, reserved 1067008K
  class space    used 2828K, capacity 3070K, committed 3072K, reserved 1048576K
}
Event: 34.010 GC heap before
{Heap before GC invocations=5 (full 1):
 PSYoungGen      total 18432K, used 2528K [0x00000000ebe00000, 0x00000000ed280000, 0x0000000100000000)
  eden space 15872K, 0% used [0x00000000ebe00000,0x00000000ebe00000,0x00000000ecd80000)
  from space 2560K, 98% used [0x00000000ed000000,0x00000000ed278020,0x00000000ed280000)
  to   space 2560K, 0% used [0x00000000ecd80000,0x00000000ecd80000,0x00000000ed000000)
 ParOldGen       total 42496K, used 11292K [0x00000000c3a00000, 0x00000000c6380000, 0x00000000ebe00000)
  object space 42496K, 26% used [0x00000000c3a00000,0x00000000c4507320,0x00000000c6380000)
 Metaspace       used 19965K, capacity 21244K, committed 21248K, reserved 1067008K
  class space    used 2828K, capacity 3070K, committed 3072K, reserved 1048576K
Event: 34.063 GC heap after
Heap after GC invocations=5 (full 1):
 PSYoungGen      total 18432K, used 0K [0x00000000ebe00000, 0x00000000ed280000, 0x0000000100000000)
  eden space 15872K, 0% used [0x00000000ebe00000,0x00000000ebe00000,0x00000000ecd80000)
  from space 2560K, 0% used [0x00000000ed000000,0x00000000ed000000,0x00000000ed280000)
  to   space 2560K, 0% used [0x00000000ecd80000,0x00000000ecd80000,0x00000000ed000000)
 ParOldGen       total 34816K, used 11406K [0x00000000c3a00000, 0x00000000c5c00000, 0x00000000ebe00000)
  object space 34816K, 32% used [0x00000000c3a00000,0x00000000c45239e8,0x00000000c5c00000)
 Metaspace       used 19965K, capacity 21244K, committed 21248K, reserved 1067008K
  class space    used 2828K, capacity 3070K, committed 3072K, reserved 1048576K
}
Event: 41.281 GC heap before
{Heap before GC invocations=6 (full 1):
 PSYoungGen      total 18432K, used 15872K [0x00000000ebe00000, 0x00000000ed280000, 0x0000000100000000)
  eden space 15872K, 100% used [0x00000000ebe00000,0x00000000ecd80000,0x00000000ecd80000)
  from space 2560K, 0% used [0x00000000ed000000,0x00000000ed000000,0x00000000ed280000)
  to   space 2560K, 0% used [0x00000000ecd80000,0x00000000ecd80000,0x00000000ed000000)
 ParOldGen       total 34816K, used 11406K [0x00000000c3a00000, 0x00000000c5c00000, 0x00000000ebe00000)
  object space 34816K, 32% used [0x00000000c3a00000,0x00000000c45239e8,0x00000000c5c00000)
 Metaspace       used 27417K, capacity 28856K, committed 29184K, reserved 1075200K
  class space    used 3739K, capacity 3993K, committed 4096K, reserved 1048576K
Event: 41.287 GC heap after
Heap after GC invocations=6 (full 1):
 PSYoungGen      total 18432K, used 2556K [0x00000000ebe00000, 0x00000000edf80000, 0x0000000100000000)
  eden space 15872K, 0% used [0x00000000ebe00000,0x00000000ebe00000,0x00000000ecd80000)
  from space 2560K, 99% used [0x00000000ecd80000,0x00000000ecfff0d0,0x00000000ed000000)
  to   space 9216K, 0% used [0x00000000ed680000,0x00000000ed680000,0x00000000edf80000)
 ParOldGen       total 34816K, used 13894K [0x00000000c3a00000, 0x00000000c5c00000, 0x00000000ebe00000)
  object space 34816K, 39% used [0x00000000c3a00000,0x00000000c4791aa8,0x00000000c5c00000)
 Metaspace       used 27417K, capacity 28856K, committed 29184K, reserved 1075200K
  class space    used 3739K, capacity 3993K, committed 4096K, reserved 1048576K
}

