# JRE version: Java(TM) SE Runtime Environment (8.0_181-b13) (build 1.8.0_181-b13)
# Java VM: Java HotSpot(TM) 64-Bit Server VM (25.181-b13 mixed mode windows-amd64 compressed oops)
Heap:
 PSYoungGen      total 70656K, used 13467K [0x00000000d6900000, 0x00000000e1680000, 0x0000000100000000)
  eden space 65536K, 20% used [0x00000000d6900000,0x00000000d7626f80,0x00000000da900000)
  from space 5120K, 0% used [0x00000000da900000,0x00000000da900000,0x00000000dae00000)
  to   space 34304K, 0% used [0x00000000df500000,0x00000000df500000,0x00000000e1680000)
 ParOldGen       total 114176K, used 39644K [0x0000000083a00000, 0x000000008a980000, 0x00000000d6900000)
  object space 114176K, 34% used [0x0000000083a00000,0x00000000860b7200,0x000000008a980000)
 Metaspace       used 22929K, capacity 24434K, committed 24704K, reserved 1071104K
  class space    used 3080K, capacity 3356K, committed 3456K, reserved 1048576K
GC Heap History (10 events):
Event: 5.453 GC heap before
{Heap before GC invocations=3 (full 0):
 PSYoungGen      total 37888K, used 16152K [0x00000000d6900000, 0x00000000d9300000, 0x0000000100000000)
  eden space 32768K, 33% used [0x00000000d6900000,0x00000000d73cbea8,0x00000000d8900000)
  from space 5120K, 99% used [0x00000000d8e00000,0x00000000d92fa320,0x00000000d9300000)
  to   space 5120K, 0% used [0x00000000d8900000,0x00000000d8900000,0x00000000d8e00000)
 ParOldGen       total 86016K, used 16114K [0x0000000083a00000, 0x0000000088e00000, 0x00000000d6900000)
  object space 86016K, 18% used [0x0000000083a00000,0x00000000849bc968,0x0000000088e00000)
 Metaspace       used 20293K, capacity 21204K, committed 21248K, reserved 1067008K
  class space    used 2818K, capacity 3042K, committed 3072K, reserved 1048576K
Event: 5.460 GC heap after
Heap after GC invocations=3 (full 0):
 PSYoungGen      total 37888K, used 5114K [0x00000000d6900000, 0x00000000db300000, 0x0000000100000000)
  eden space 32768K, 0% used [0x00000000d6900000,0x00000000d6900000,0x00000000d8900000)
  from space 5120K, 99% used [0x00000000d8900000,0x00000000d8dfe9e8,0x00000000d8e00000)
  to   space 5120K, 0% used [0x00000000dae00000,0x00000000dae00000,0x00000000db300000)
 ParOldGen       total 86016K, used 24849K [0x0000000083a00000, 0x0000000088e00000, 0x00000000d6900000)
  object space 86016K, 28% used [0x0000000083a00000,0x0000000085244400,0x0000000088e00000)
 Metaspace       used 20293K, capacity 21204K, committed 21248K, reserved 1067008K
  class space    used 2818K, capacity 3042K, committed 3072K, reserved 1048576K
}
Event: 5.460 GC heap before
{Heap before GC invocations=4 (full 1):
 PSYoungGen      total 37888K, used 5114K [0x00000000d6900000, 0x00000000db300000, 0x0000000100000000)
  eden space 32768K, 0% used [0x00000000d6900000,0x00000000d6900000,0x00000000d8900000)
  from space 5120K, 99% used [0x00000000d8900000,0x00000000d8dfe9e8,0x00000000d8e00000)
  to   space 5120K, 0% used [0x00000000dae00000,0x00000000dae00000,0x00000000db300000)
 ParOldGen       total 86016K, used 24849K [0x0000000083a00000, 0x0000000088e00000, 0x00000000d6900000)
  object space 86016K, 28% used [0x0000000083a00000,0x0000000085244400,0x0000000088e00000)
 Metaspace       used 20293K, capacity 21204K, committed 21248K, reserved 1067008K
  class space    used 2818K, capacity 3042K, committed 3072K, reserved 1048576K
Event: 5.482 GC heap after
Heap after GC invocations=4 (full 1):
 PSYoungGen      total 37888K, used 0K [0x00000000d6900000, 0x00000000db300000, 0x0000000100000000)
  eden space 32768K, 0% used [0x00000000d6900000,0x00000000d6900000,0x00000000d8900000)
  from space 5120K, 0% used [0x00000000d8900000,0x00000000d8900000,0x00000000d8e00000)
  to   space 5120K, 0% used [0x00000000dae00000,0x00000000dae00000,0x00000000db300000)
 ParOldGen       total 80896K, used 27102K [0x0000000083a00000, 0x0000000088900000, 0x00000000d6900000)
  object space 80896K, 33% used [0x0000000083a00000,0x0000000085477860,0x0000000088900000)
 Metaspace       used 20293K, capacity 21204K, committed 21248K, reserved 1067008K
  class space    used 2818K, capacity 3042K, committed 3072K, reserved 1048576K
}
Event: 11.680 GC heap before
{Heap before GC invocations=5 (full 1):
 PSYoungGen      total 37888K, used 29193K [0x00000000d6900000, 0x00000000db300000, 0x0000000100000000)
  eden space 32768K, 89% used [0x00000000d6900000,0x00000000d85827b0,0x00000000d8900000)
  from space 5120K, 0% used [0x00000000d8900000,0x00000000d8900000,0x00000000d8e00000)
  to   space 5120K, 0% used [0x00000000dae00000,0x00000000dae00000,0x00000000db300000)
 ParOldGen       total 80896K, used 27102K [0x0000000083a00000, 0x0000000088900000, 0x00000000d6900000)
  object space 80896K, 33% used [0x0000000083a00000,0x0000000085477860,0x0000000088900000)
 Metaspace       used 22306K, capacity 23714K, committed 23936K, reserved 1069056K
  class space    used 3065K, capacity 3333K, committed 3456K, reserved 1048576K
Event: 11.688 GC heap after
Heap after GC invocations=5 (full 1):
 PSYoungGen      total 65536K, used 5120K [0x00000000d6900000, 0x00000000db300000, 0x0000000100000000)
  eden space 60416K, 0% used [0x00000000d6900000,0x00000000d6900000,0x00000000da400000)
  from space 5120K, 100% used [0x00000000dae00000,0x00000000db300000,0x00000000db300000)
  to   space 5120K, 0% used [0x00000000da900000,0x00000000da900000,0x00000000dae00000)
 ParOldGen       total 80896K, used 29886K [0x0000000083a00000, 0x0000000088900000, 0x00000000d6900000)
  object space 80896K, 36% used [0x0000000083a00000,0x000000008572f860,0x0000000088900000)
 Metaspace       used 22306K, capacity 23714K, committed 23936K, reserved 1069056K
  class space    used 3065K, capacity 3333K, committed 3456K, reserved 1048576K
}
Event: 17.528 GC heap before
{Heap before GC invocations=6 (full 1):
 PSYoungGen      total 65536K, used 65536K [0x00000000d6900000, 0x00000000db300000, 0x0000000100000000)
  eden space 60416K, 100% used [0x00000000d6900000,0x00000000da400000,0x00000000da400000)
  from space 5120K, 100% used [0x00000000dae00000,0x00000000db300000,0x00000000db300000)
  to   space 5120K, 0% used [0x00000000da900000,0x00000000da900000,0x00000000dae00000)
 ParOldGen       total 80896K, used 29886K [0x0000000083a00000, 0x0000000088900000, 0x00000000d6900000)
  object space 80896K, 36% used [0x0000000083a00000,0x000000008572f860,0x0000000088900000)
 Metaspace       used 22880K, capacity 24370K, committed 24704K, reserved 1071104K
  class space    used 3079K, capacity 3356K, committed 3456K, reserved 1048576K
Event: 17.544 GC heap after
Heap after GC invocations=6 (full 1):
 PSYoungGen      total 70656K, used 5120K [0x00000000d6900000, 0x00000000e1680000, 0x0000000100000000)
  eden space 65536K, 0% used [0x00000000d6900000,0x00000000d6900000,0x00000000da900000)
  from space 5120K, 100% used [0x00000000da900000,0x00000000dae00000,0x00000000dae00000)
  to   space 34304K, 0% used [0x00000000df500000,0x00000000df500000,0x00000000e1680000)
 ParOldGen       total 80896K, used 58686K [0x0000000083a00000, 0x0000000088900000, 0x00000000d6900000)
  object space 80896K, 72% used [0x0000000083a00000,0x000000008734f818,0x0000000088900000)
 Metaspace       used 22880K, capacity 24370K, committed 24704K, reserved 1071104K
  class space    used 3079K, capacity 3356K, committed 3456K, reserved 1048576K
}
Event: 17.544 GC heap before
{Heap before GC invocations=7 (full 2):
 PSYoungGen      total 70656K, used 5120K [0x00000000d6900000, 0x00000000e1680000, 0x0000000100000000)
  eden space 65536K, 0% used [0x00000000d6900000,0x00000000d6900000,0x00000000da900000)
  from space 5120K, 100% used [0x00000000da900000,0x00000000dae00000,0x00000000dae00000)
  to   space 34304K, 0% used [0x00000000df500000,0x00000000df500000,0x00000000e1680000)
 ParOldGen       total 80896K, used 58686K [0x0000000083a00000, 0x0000000088900000, 0x00000000d6900000)
  object space 80896K, 72% used [0x0000000083a00000,0x000000008734f818,0x0000000088900000)
 Metaspace       used 22880K, capacity 24370K, committed 24704K, reserved 1071104K
  class space    used 3079K, capacity 3356K, committed 3456K, reserved 1048576K
Event: 17.595 GC heap after
Heap after GC invocations=7 (full 2):
 PSYoungGen      total 70656K, used 0K [0x00000000d6900000, 0x00000000e1680000, 0x0000000100000000)
  eden space 65536K, 0% used [0x00000000d6900000,0x00000000d6900000,0x00000000da900000)
  from space 5120K, 0% used [0x00000000da900000,0x00000000da900000,0x00000000dae00000)
  to   space 34304K, 0% used [0x00000000df500000,0x00000000df500000,0x00000000e1680000)
 ParOldGen       total 114176K, used 39644K [0x0000000083a00000, 0x000000008a980000, 0x00000000d6900000)
  object space 114176K, 34% used [0x0000000083a00000,0x00000000860b7200,0x000000008a980000)
 Metaspace       used 22880K, capacity 24370K, committed 24704K, reserved 1071104K
  class space    used 3079K, capacity 3356K, committed 3456K, reserved 1048576K
}

